<?xml version="1.0" encoding="UTF-8"?>
<!-- Generated by org.testng.reporters.JUnitXMLReporter -->
<testsuite ignored="0" hostname="Desktop-Tobias" failures="0" tests="8" name="Surefire test" time="0.15" errors="0" timestamp="2025-03-14T13:11:24 CET">
  <testcase classname="com.amara.exception.GlobalExceptionHandlerTest" name="testHandleBusinessExceptionEnglish" time="0.035"/>
  <testcase classname="com.amara.exception.GlobalExceptionHandlerTest" name="testHandleBusinessExceptionGerman" time="0.0"/>
  <testcase classname="com.amara.exception.GlobalExceptionHandlerTest" name="testHandleExternalServiceExceptionEnglish" time="0.005"/>
  <testcase classname="com.amara.exception.GlobalExceptionHandlerTest" name="testHandleExternalServiceExceptionGerman" time="0.0"/>
  <testcase classname="com.amara.exception.GlobalExceptionHandlerTest" name="testHandleGenericExceptionEnglish" time="0.003"/>
  <testcase classname="com.amara.exception.GlobalExceptionHandlerTest" name="testHandleGenericExceptionGerman" time="0.001"/>
  <testcase classname="com.amara.exception.GlobalExceptionHandlerTest" name="testHandleTechnicalExceptionEnglish" time="0.005"/>
  <testcase classname="com.amara.exception.GlobalExceptionHandlerTest" name="testHandleTechnicalExceptionGerman" time="0.001"/>
</testsuite> <!-- Surefire test -->
